<?xml version="1.0" encoding="UTF-8"?>
<!-- Generated by org.testng.reporters.JUnitReportReporter -->
<testsuite skipped="0" hostname="INTEL" name="test.day1" tests="1" failures="0" timestamp="2020-02-11T09:53:25 IST" time="0.016" errors="0">
  <testcase name="m1" time="0.016" classname="test.day1"/>
</testsuite> <!-- test.day1 -->
