<?xml version="1.0" encoding="UTF-8"?>
<!-- Generated by org.testng.reporters.JUnitReportReporter -->
<testsuite skipped="0" hostname="INTEL" name="test.day4" tests="5" failures="0" timestamp="2020-02-11T09:53:25 IST" time="0.032" errors="0">
  <testcase name="MobilesigninHomeLoan" time="0.004" classname="test.day4"/>
  <testcase name="APIloginHomeLoan" time="0.012" classname="test.day4"/>
  <testcase name="MobileloginHomeLoan" time="0.004" classname="test.day4"/>
  <testcase name="MobilesignoutHomeLoan" time="0.012" classname="test.day4"/>
  <testcase name="WebloginHomeLoan" time="0.000" classname="test.day4"/>
</testsuite> <!-- test.day4 -->
